Read prefs: /home/peter/.config/blender/2.93/config/userpref.blend
Read blend: /home/peter/POUB/Human-Visible-Project-Blender-3D/Human-Visible-Project-Blender-3D-manual-coarseBl293curves.blend
  File "/home/peter/POUB/Human-Visible-Project-Blender-3D/Human-Visible-Project-Blender-3D-manual-coarseBl293curves.blend/Human-Visible-Project-Blender-3Dgenerated.txt", line 1
    .Bl2.93 LTS
    ^
SyntaxError: invalid syntax
  File "/home/peter/POUB/Human-Visible-Project-Blender-3D/Human-Visible-Project-Blender-3D-manual-coarseBl293curves.blend/Human-Visible-Project-Blender-3Dgenerated.txt", line 1
    .Bl2.93 LTS
    ^
SyntaxError: invalid syntax
  File "/home/peter/POUB/Human-Visible-Project-Blender-3D/Human-Visible-Project-Blender-3D-manual-coarseBl293curves.blend/Human-Visible-Project-Blender-3Dgenerated.txt", line 1
    .Bl2.93 LTS
    ^
SyntaxError: invalid syntax
  File "/home/peter/POUB/Human-Visible-Project-Blender-3D/Human-Visible-Project-Blender-3D-manual-coarseBl293curves.blend/Human-Visible-Project-Blender-3Dgenerated.txt", line 1
    .Bl2.93 LTS
    ^
SyntaxError: invalid syntax
  File "/home/peter/POUB/Human-Visible-Project-Blender-3D/Human-Visible-Project-Blender-3D-manual-coarseBl293curves.blend/Human-Visible-Project-Blender-3Dgenerated.txt", line 1
    .Bl2.93 LTS
    ^
SyntaxError: invalid syntax
  File "/home/peter/POUB/Human-Visible-Project-Blender-3D/Human-Visible-Project-Blender-3D-manual-coarseBl293curves.blend/Human-Visible-Project-Blender-3Dgenerated.txt", line 1
    .Bl2.93 LTS
    ^
SyntaxError: invalid syntax
  File "/home/peter/POUB/Human-Visible-Project-Blender-3D/Human-Visible-Project-Blender-3D-manual-coarseBl293curves.blend/Human-Visible-Project-Blender-3Dgenerated.txt", line 1
    .Bl2.93 LTS
    ^
SyntaxError: invalid syntax
  File "/home/peter/POUB/Human-Visible-Project-Blender-3D/Human-Visible-Project-Blender-3D-manual-coarseBl293curves.blend/Human-Visible-Project-Blender-3Dgenerated.txt", line 1
    .Bl2.93 LTS
    ^
SyntaxError: invalid syntax
  File "/home/peter/POUB/Human-Visible-Project-Blender-3D/Human-Visible-Project-Blender-3D-manual-coarseBl293curves.blend/Human-Visible-Project-Blender-3Dgenerated.txt", line 1
    .Bl2.93 LTS
    ^
SyntaxError: invalid syntax
  File "/home/peter/POUB/Human-Visible-Project-Blender-3D/Human-Visible-Project-Blender-3D-manual-coarseBl293curves.blend/Human-Visible-Project-Blender-3Dgenerated.txt", line 1
    .Bl2.93 LTS
    ^
SyntaxError: invalid syntax
  File "/home/peter/POUB/Human-Visible-Project-Blender-3D/Human-Visible-Project-Blender-3D-manual-coarseBl293curves.blend/Human-Visible-Project-Blender-3Dgenerated.txt", line 1
    .Bl2.93 LTS
    ^
SyntaxError: invalid syntax
  File "/home/peter/POUB/Human-Visible-Project-Blender-3D/Human-Visible-Project-Blender-3D-manual-coarseBl293curves.blend/Human-Visible-Project-Blender-3Dgenerated.txt", line 1
    .Bl2.93 LTS
    ^
SyntaxError: invalid syntax
  File "/home/peter/POUB/Human-Visible-Project-Blender-3D/Human-Visible-Project-Blender-3D-manual-coarseBl293curves.blend/Human-Visible-Project-Blender-3Dgenerated.txt", line 1
    .Bl2.93 LTS
    ^
SyntaxError: invalid syntax
  File "/home/peter/POUB/Human-Visible-Project-Blender-3D/Human-Visible-Project-Blender-3D-manual-coarseBl293curves.blend/Human-Visible-Project-Blender-3Dgenerated.txt", line 1
    .Bl2.93 LTS
    ^
SyntaxError: invalid syntax
  File "/home/peter/POUB/Human-Visible-Project-Blender-3D/Human-Visible-Project-Blender-3D-manual-coarseBl293curves.blend/Human-Visible-Project-Blender-3Dgenerated.txt", line 1
    .Bl2.93 LTS
    ^
SyntaxError: invalid syntax
  File "/home/peter/POUB/Human-Visible-Project-Blender-3D/Human-Visible-Project-Blender-3D-manual-coarseBl293curves.blend/Human-Visible-Project-Blender-3Dgenerated.txt", line 1
    .Bl2.93 LTS
    ^
SyntaxError: invalid syntax
  File "/home/peter/POUB/Human-Visible-Project-Blender-3D/Human-Visible-Project-Blender-3D-manual-coarseBl293curves.blend/Human-Visible-Project-Blender-3Dgenerated.txt", line 1
    .Bl2.93 LTS
    ^
SyntaxError: invalid syntax
  File "/home/peter/POUB/Human-Visible-Project-Blender-3D/Human-Visible-Project-Blender-3D-manual-coarseBl293curves.blend/Human-Visible-Project-Blender-3Dgenerated.txt", line 1
    .Bl2.93 LTS
    ^
SyntaxError: invalid syntax
  File "/home/peter/POUB/Human-Visible-Project-Blender-3D/Human-Visible-Project-Blender-3D-manual-coarseBl293curves.blend/Human-Visible-Project-Blender-3Dgenerated.txt", line 1
    .Bl2.93 LTS
    ^
SyntaxError: invalid syntax
  File "/home/peter/POUB/Human-Visible-Project-Blender-3D/Human-Visible-Project-Blender-3D-manual-coarseBl293curves.blend/Human-Visible-Project-Blender-3Dgenerated.txt", line 1
    .Bl2.93 LTS
    ^
SyntaxError: invalid syntax
  File "/home/peter/POUB/Human-Visible-Project-Blender-3D/Human-Visible-Project-Blender-3D-manual-coarseBl293curves.blend/Human-Visible-Project-Blender-3Dgenerated.txt", line 1
    .Bl2.93 LTS
    ^
SyntaxError: invalid syntax
  File "/home/peter/POUB/Human-Visible-Project-Blender-3D/Human-Visible-Project-Blender-3D-manual-coarseBl293curves.blend/Human-Visible-Project-Blender-3Dgenerated.txt", line 1
    .Bl2.93 LTS
    ^
SyntaxError: invalid syntax
  File "/home/peter/POUB/Human-Visible-Project-Blender-3D/Human-Visible-Project-Blender-3D-manual-coarseBl293curves.blend/Human-Visible-Project-Blender-3Dgenerated.txt", line 1
    .Bl2.93 LTS
    ^
SyntaxError: invalid syntax
  File "/home/peter/POUB/Human-Visible-Project-Blender-3D/Human-Visible-Project-Blender-3D-manual-coarseBl293curves.blend/Human-Visible-Project-Blender-3Dgenerated.txt", line 1
    .Bl2.93 LTS
    ^
SyntaxError: invalid syntax
  File "/home/peter/POUB/Human-Visible-Project-Blender-3D/Human-Visible-Project-Blender-3D-manual-coarseBl293curves.blend/Human-Visible-Project-Blender-3Dgenerated.txt", line 1
    .Bl2.93 LTS
    ^
SyntaxError: invalid syntax
  File "/home/peter/POUB/Human-Visible-Project-Blender-3D/Human-Visible-Project-Blender-3D-manual-coarseBl293curves.blend/Human-Visible-Project-Blender-3Dgenerated.txt", line 1
    .Bl2.93 LTS
    ^
SyntaxError: invalid syntax
  File "/home/peter/POUB/Human-Visible-Project-Blender-3D/Human-Visible-Project-Blender-3D-manual-coarseBl293curves.blend/Human-Visible-Project-Blender-3Dgenerated.txt", line 1
    .Bl2.93 LTS
    ^
SyntaxError: invalid syntax
  File "/home/peter/POUB/Human-Visible-Project-Blender-3D/Human-Visible-Project-Blender-3D-manual-coarseBl293curves.blend/Human-Visible-Project-Blender-3Dgenerated.txt", line 1
    .Bl2.93 LTS
    ^
SyntaxError: invalid syntax
  File "/home/peter/POUB/Human-Visible-Project-Blender-3D/Human-Visible-Project-Blender-3D-manual-coarseBl293curves.blend/Human-Visible-Project-Blender-3Dgenerated.txt", line 1
    .Bl2.93 LTS
    ^
SyntaxError: invalid syntax
  File "/home/peter/POUB/Human-Visible-Project-Blender-3D/Human-Visible-Project-Blender-3D-manual-coarseBl293curves.blend/Human-Visible-Project-Blender-3Dgenerated.txt", line 1
    .Bl2.93 LTS
    ^
SyntaxError: invalid syntax
  File "/home/peter/POUB/Human-Visible-Project-Blender-3D/Human-Visible-Project-Blender-3D-manual-coarseBl293curves.blend/Human-Visible-Project-Blender-3Dgenerated.txt", line 1
    .Bl2.93 LTS
    ^
SyntaxError: invalid syntax
  File "/home/peter/POUB/Human-Visible-Project-Blender-3D/Human-Visible-Project-Blender-3D-manual-coarseBl293curves.blend/Human-Visible-Project-Blender-3Dgenerated.txt", line 1
    .Bl2.93 LTS
    ^
SyntaxError: invalid syntax
  File "/home/peter/POUB/Human-Visible-Project-Blender-3D/Human-Visible-Project-Blender-3D-manual-coarseBl293curves.blend/Human-Visible-Project-Blender-3Dgenerated.txt", line 1
    .Bl2.93 LTS
    ^
SyntaxError: invalid syntax
  File "/home/peter/POUB/Human-Visible-Project-Blender-3D/Human-Visible-Project-Blender-3D-manual-coarseBl293curves.blend/Human-Visible-Project-Blender-3Dgenerated.txt", line 1
    .Bl2.93 LTS
    ^
SyntaxError: invalid syntax
  File "/home/peter/POUB/Human-Visible-Project-Blender-3D/Human-Visible-Project-Blender-3D-manual-coarseBl293curves.blend/Human-Visible-Project-Blender-3Dgenerated.txt", line 1
    .Bl2.93 LTS
    ^
SyntaxError: invalid syntax
  File "/home/peter/POUB/Human-Visible-Project-Blender-3D/Human-Visible-Project-Blender-3D-manual-coarseBl293curves.blend/Human-Visible-Project-Blender-3Dgenerated.txt", line 1
    .Bl2.93 LTS
    ^
SyntaxError: invalid syntax
  File "/home/peter/POUB/Human-Visible-Project-Blender-3D/Human-Visible-Project-Blender-3D-manual-coarseBl293curves.blend/Human-Visible-Project-Blender-3Dgenerated.txt", line 1
    .Bl2.93 LTS
    ^
SyntaxError: invalid syntax
  File "/home/peter/POUB/Human-Visible-Project-Blender-3D/Human-Visible-Project-Blender-3D-manual-coarseBl293curves.blend/Human-Visible-Project-Blender-3Dgenerated.txt", line 1
    .Bl2.93 LTS
    ^
SyntaxError: invalid syntax
  File "/home/peter/POUB/Human-Visible-Project-Blender-3D/Human-Visible-Project-Blender-3D-manual-coarseBl293curves.blend/Human-Visible-Project-Blender-3Dgenerated.txt", line 1
    .Bl2.93 LTS
    ^
SyntaxError: invalid syntax
  File "/home/peter/POUB/Human-Visible-Project-Blender-3D/Human-Visible-Project-Blender-3D-manual-coarseBl293curves.blend/Human-Visible-Project-Blender-3Dgenerated.txt", line 1
    .Bl2.93 LTS
    ^
SyntaxError: invalid syntax
  File "/home/peter/POUB/Human-Visible-Project-Blender-3D/Human-Visible-Project-Blender-3D-manual-coarseBl293curves.blend/Human-Visible-Project-Blender-3Dgenerated.txt", line 1
    .Bl2.93 LTS
    ^
SyntaxError: invalid syntax
  File "/home/peter/POUB/Human-Visible-Project-Blender-3D/Human-Visible-Project-Blender-3D-manual-coarseBl293curves.blend/Human-Visible-Project-Blender-3Dgenerated.txt", line 1
    .Bl2.93 LTS
    ^
SyntaxError: invalid syntax
  File "/home/peter/POUB/Human-Visible-Project-Blender-3D/Human-Visible-Project-Blender-3D-manual-coarseBl293curves.blend/Human-Visible-Project-Blender-3Dgenerated.txt", line 1
    .Bl2.93 LTS
    ^
SyntaxError: invalid syntax
  File "/home/peter/POUB/Human-Visible-Project-Blender-3D/Human-Visible-Project-Blender-3D-manual-coarseBl293curves.blend/Human-Visible-Project-Blender-3Dgenerated.txt", line 1
    .Bl2.93 LTS
    ^
SyntaxError: invalid syntax
  File "/home/peter/POUB/Human-Visible-Project-Blender-3D/Human-Visible-Project-Blender-3D-manual-coarseBl293curves.blend/Human-Visible-Project-Blender-3Dgenerated.txt", line 1
    .Bl2.93 LTS
    ^
SyntaxError: invalid syntax
  File "/home/peter/POUB/Human-Visible-Project-Blender-3D/Human-Visible-Project-Blender-3D-manual-coarseBl293curves.blend/Human-Visible-Project-Blender-3Dgenerated.txt", line 1
    .Bl2.93 LTS
    ^
SyntaxError: invalid syntax
  File "/home/peter/POUB/Human-Visible-Project-Blender-3D/Human-Visible-Project-Blender-3D-manual-coarseBl293curves.blend/Human-Visible-Project-Blender-3Dgenerated.txt", line 1
    .Bl2.93 LTS
    ^
SyntaxError: invalid syntax
  File "/home/peter/POUB/Human-Visible-Project-Blender-3D/Human-Visible-Project-Blender-3D-manual-coarseBl293curves.blend/Human-Visible-Project-Blender-3Dgenerated.txt", line 1
    .Bl2.93 LTS
    ^
SyntaxError: invalid syntax
  File "/home/peter/POUB/Human-Visible-Project-Blender-3D/Human-Visible-Project-Blender-3D-manual-coarseBl293curves.blend/Human-Visible-Project-Blender-3Dgenerated.txt", line 1
    .Bl2.93 LTS
    ^
SyntaxError: invalid syntax
  File "/home/peter/POUB/Human-Visible-Project-Blender-3D/Human-Visible-Project-Blender-3D-manual-coarseBl293curves.blend/Human-Visible-Project-Blender-3Dgenerated.txt", line 1
    .Bl2.93 LTS
    ^
SyntaxError: invalid syntax
  File "/home/peter/POUB/Human-Visible-Project-Blender-3D/Human-Visible-Project-Blender-3D-manual-coarseBl293curves.blend/Human-Visible-Project-Blender-3Dgenerated.txt", line 1
    .Bl2.93 LTS
    ^
SyntaxError: invalid syntax
  File "/home/peter/POUB/Human-Visible-Project-Blender-3D/Human-Visible-Project-Blender-3D-manual-coarseBl293curves.blend/Human-Visible-Project-Blender-3Dgenerated.txt", line 1
    .Bl2.93 LTS
    ^
SyntaxError: invalid syntax
  File "/home/peter/POUB/Human-Visible-Project-Blender-3D/Human-Visible-Project-Blender-3D-manual-coarseBl293curves.blend/Human-Visible-Project-Blender-3Dgenerated.txt", line 1
    .Bl2.93 LTS
    ^
SyntaxError: invalid syntax
  File "/home/peter/POUB/Human-Visible-Project-Blender-3D/Human-Visible-Project-Blender-3D-manual-coarseBl293curves.blend/Human-Visible-Project-Blender-3Dgenerated.txt", line 1
    .Bl2.93 LTS
    ^
SyntaxError: invalid syntax
  File "/home/peter/POUB/Human-Visible-Project-Blender-3D/Human-Visible-Project-Blender-3D-manual-coarseBl293curves.blend/Human-Visible-Project-Blender-3Dgenerated.txt", line 1
    .Bl2.93 LTS
    ^
SyntaxError: invalid syntax
  File "/home/peter/POUB/Human-Visible-Project-Blender-3D/Human-Visible-Project-Blender-3D-manual-coarseBl293curves.blend/Human-Visible-Project-Blender-3Dgenerated.txt", line 1
    .Bl2.93 LTS
    ^
SyntaxError: invalid syntax
  File "/home/peter/POUB/Human-Visible-Project-Blender-3D/Human-Visible-Project-Blender-3D-manual-coarseBl293curves.blend/Human-Visible-Project-Blender-3Dgenerated.txt", line 1
    .Bl2.93 LTS
    ^
SyntaxError: invalid syntax
  File "/home/peter/POUB/Human-Visible-Project-Blender-3D/Human-Visible-Project-Blender-3D-manual-coarseBl293curves.blend/Human-Visible-Project-Blender-3Dgenerated.txt", line 1
    .Bl2.93 LTS
    ^
SyntaxError: invalid syntax
  File "/home/peter/POUB/Human-Visible-Project-Blender-3D/Human-Visible-Project-Blender-3D-manual-coarseBl293curves.blend/Human-Visible-Project-Blender-3Dgenerated.txt", line 1
    .Bl2.93 LTS
    ^
SyntaxError: invalid syntax
  File "/home/peter/POUB/Human-Visible-Project-Blender-3D/Human-Visible-Project-Blender-3D-manual-coarseBl293curves.blend/Human-Visible-Project-Blender-3Dgenerated.txt", line 1
    .Bl2.93 LTS
    ^
SyntaxError: invalid syntax
  File "/home/peter/POUB/Human-Visible-Project-Blender-3D/Human-Visible-Project-Blender-3D-manual-coarseBl293curves.blend/Human-Visible-Project-Blender-3Dgenerated.txt", line 1
    .Bl2.93 LTS
    ^
SyntaxError: invalid syntax
  File "/home/peter/POUB/Human-Visible-Project-Blender-3D/Human-Visible-Project-Blender-3D-manual-coarseBl293curves.blend/Human-Visible-Project-Blender-3Dgenerated.txt", line 1
    .Bl2.93 LTS
    ^
SyntaxError: invalid syntax
  File "/home/peter/POUB/Human-Visible-Project-Blender-3D/Human-Visible-Project-Blender-3D-manual-coarseBl293curves.blend/Human-Visible-Project-Blender-3Dgenerated.txt", line 1
    .Bl2.93 LTS
    ^
SyntaxError: invalid syntax
  File "/home/peter/POUB/Human-Visible-Project-Blender-3D/Human-Visible-Project-Blender-3D-manual-coarseBl293curves.blend/Human-Visible-Project-Blender-3Dgenerated.txt", line 1
    .Bl2.93 LTS
    ^
SyntaxError: invalid syntax
  File "/home/peter/POUB/Human-Visible-Project-Blender-3D/Human-Visible-Project-Blender-3D-manual-coarseBl293curves.blend/Human-Visible-Project-Blender-3Dgenerated.txt", line 1
    .Bl2.93 LTS
    ^
SyntaxError: invalid syntax
  File "/home/peter/POUB/Human-Visible-Project-Blender-3D/Human-Visible-Project-Blender-3D-manual-coarseBl293curves.blend/Human-Visible-Project-Blender-3Dgenerated.txt", line 1
    .Bl2.93 LTS
    ^
SyntaxError: invalid syntax
  File "/home/peter/POUB/Human-Visible-Project-Blender-3D/Human-Visible-Project-Blender-3D-manual-coarseBl293curves.blend/Human-Visible-Project-Blender-3Dgenerated.txt", line 1
    .Bl2.93 LTS
    ^
SyntaxError: invalid syntax
  File "/home/peter/POUB/Human-Visible-Project-Blender-3D/Human-Visible-Project-Blender-3D-manual-coarseBl293curves.blend/Human-Visible-Project-Blender-3Dgenerated.txt", line 1
    .Bl2.93 LTS
    ^
SyntaxError: invalid syntax
  File "/home/peter/POUB/Human-Visible-Project-Blender-3D/Human-Visible-Project-Blender-3D-manual-coarseBl293curves.blend/Human-Visible-Project-Blender-3Dgenerated.txt", line 1
    .Bl2.93 LTS
    ^
SyntaxError: invalid syntax
  File "/home/peter/POUB/Human-Visible-Project-Blender-3D/Human-Visible-Project-Blender-3D-manual-coarseBl293curves.blend/Human-Visible-Project-Blender-3Dgenerated.txt", line 1
    .Bl2.93 LTS
    ^
SyntaxError: invalid syntax
  File "/home/peter/POUB/Human-Visible-Project-Blender-3D/Human-Visible-Project-Blender-3D-manual-coarseBl293curves.blend/Human-Visible-Project-Blender-3Dgenerated.txt", line 1
    .Bl2.93 LTS
    ^
SyntaxError: invalid syntax
  File "/home/peter/POUB/Human-Visible-Project-Blender-3D/Human-Visible-Project-Blender-3D-manual-coarseBl293curves.blend/Human-Visible-Project-Blender-3Dgenerated.txt", line 1
    .Bl2.93 LTS
    ^
SyntaxError: invalid syntax
  File "/home/peter/POUB/Human-Visible-Project-Blender-3D/Human-Visible-Project-Blender-3D-manual-coarseBl293curves.blend/Human-Visible-Project-Blender-3Dgenerated.txt", line 1
    .Bl2.93 LTS
    ^
SyntaxError: invalid syntax
  File "/home/peter/POUB/Human-Visible-Project-Blender-3D/Human-Visible-Project-Blender-3D-manual-coarseBl293curves.blend/Human-Visible-Project-Blender-3Dgenerated.txt", line 1
    .Bl2.93 LTS
    ^
SyntaxError: invalid syntax
  File "/home/peter/POUB/Human-Visible-Project-Blender-3D/Human-Visible-Project-Blender-3D-manual-coarseBl293curves.blend/Human-Visible-Project-Blender-3Dgenerated.txt", line 1
    .Bl2.93 LTS
    ^
SyntaxError: invalid syntax
Info: Saved "Human-Visible-Project-Blender-3D-manual-coarseBl293curves.blend"

Info: Saved "Human-Visible-Project-Blender-3D-manual-coarseBl293curves.blend"

  File "/home/peter/POUB/Human-Visible-Project-Blender-3D/Human-Visible-Project-Blender-3D-manual-coarseBl293curves.blend/Human-Visible-Project-Blender-3Dgenerated.txt", line 1
    .Bl2.93 LTS
    ^
SyntaxError: invalid syntax
  File "/home/peter/POUB/Human-Visible-Project-Blender-3D/Human-Visible-Project-Blender-3D-manual-coarseBl293curves.blend/Human-Visible-Project-Blender-3Dgenerated.txt", line 1
    .Bl2.93 LTS
    ^
SyntaxError: invalid syntax
  File "/home/peter/POUB/Human-Visible-Project-Blender-3D/Human-Visible-Project-Blender-3D-manual-coarseBl293curves.blend/Human-Visible-Project-Blender-3Dgenerated.txt", line 1
    .Bl2.93 LTS
    ^
SyntaxError: invalid syntax
  File "/home/peter/POUB/Human-Visible-Project-Blender-3D/Human-Visible-Project-Blender-3D-manual-coarseBl293curves.blend/Human-Visible-Project-Blender-3Dgenerated.txt", line 1
    .Bl2.93 LTS
    ^
SyntaxError: invalid syntax
Info: Saved "Human-Visible-Project-Blender-3D-manual-coarseBl293curves.blend"

